<?xml version="1.0" encoding="UTF-8"?>
<!-- Generated by org.testng.reporters.JUnitReportReporter -->
<testsuite hostname="ANG-LT-2113" failures="0" tests="8" name="com.qa.angara.tests.CartPageTest" time="27.726" errors="0" timestamp="2023-07-09T00:07:25 IST" skipped="0">
  <testcase classname="com.qa.angara.tests.CartPageTest" name="cartPageNavTest" time="14.274"/>
  <system-out/>
  <testcase classname="com.qa.angara.tests.CartPageTest" name="cartPageURLTest" time="0.001"/>
  <system-out/>
  <testcase classname="com.qa.angara.tests.CartPageTest" name="cartPageHeadingTest" time="0.180"/>
  <system-out/>
  <testcase classname="com.qa.angara.tests.CartPageTest" name="cartPageCouponTest" time="0.086"/>
  <system-out/>
  <testcase classname="com.qa.angara.tests.CartPageTest" name="checkoutButtontest" time="0.171"/>
  <system-out/>
  <testcase classname="com.qa.angara.tests.CartPageTest" name="checkoutPageUrlTest" time="1.038"/>
  <system-out/>
  <testcase classname="com.qa.angara.tests.CartPageTest" name="shippingAddressTest" time="3.118"/>
  <system-out/>
  <testcase classname="com.qa.angara.tests.CartPageTest" name="paymentMethodTest" time="8.858"/>
  <system-out/>
</testsuite> <!-- com.qa.angara.tests.CartPageTest -->
