<?xml version="1.0" encoding="UTF-8"?>
<!-- Generated by org.testng.reporters.JUnitReportReporter -->
<testsuite hostname="ANG-LT-2113" failures="0" tests="1" name="com.qa.angara.tests.HomePageTest" time="2.064" errors="0" timestamp="2023-07-02T21:40:40 IST" skipped="0">
  <testcase classname="com.qa.angara.tests.HomePageTest" name="gnbLinksTest" time="2.064"/>
  <system-out/>
</testsuite> <!-- com.qa.angara.tests.HomePageTest -->
